** Daemonized, any open files are closed.  Look at log/mongrel.pid and log/mongrel.log for info.
** Starting Mongrel listening at 0.0.0.0:8201
** Starting Rails with development environment...
** Rails loaded.
** Loading any Rails specific GemPlugins
** Signals ready.  TERM => stop.  USR2 => restart.  INT => stop (no restart).
** Rails signals registered.  HUP => reload (without restart).  It might not work well.
** Mongrel 1.1.5 available at 0.0.0.0:8201
** Writing PID file to log/mongrel.pid
** USR2 signal received.
** Restarting with arguments:  ruby /usr/local/lib/ruby/gems/1.8/gems/mongrel-1.1.5/bin/mongrel_rails start -e development -p 8201 -d
** Ruby version is not up-to-date; loading cgi_multipart_eof_fix
** Daemonized, any open files are closed.  Look at log/mongrel.pid and log/mongrel.log for info.
** Starting Mongrel listening at 0.0.0.0:8201
** Starting Rails with development environment...
** Rails loaded.
** Loading any Rails specific GemPlugins
** Signals ready.  TERM => stop.  USR2 => restart.  INT => stop (no restart).
** Rails signals registered.  HUP => reload (without restart).  It might not work well.
** Mongrel 1.1.5 available at 0.0.0.0:8201
** Writing PID file to log/mongrel.pid
** USR2 signal received.
** Restarting with arguments:  ruby /usr/local/lib/ruby/gems/1.8/gems/mongrel-1.1.5/bin/mongrel_rails start -e development -p 8201 -d
** Ruby version is not up-to-date; loading cgi_multipart_eof_fix
** Daemonized, any open files are closed.  Look at log/mongrel.pid and log/mongrel.log for info.
** Starting Mongrel listening at 0.0.0.0:8201
** Starting Rails with development environment...
** Rails loaded.
** Loading any Rails specific GemPlugins
** Signals ready.  TERM => stop.  USR2 => restart.  INT => stop (no restart).
** Rails signals registered.  HUP => reload (without restart).  It might not work well.
** Mongrel 1.1.5 available at 0.0.0.0:8201
** Writing PID file to log/mongrel.pid
** USR2 signal received.
** Restarting with arguments:  ruby /usr/local/lib/ruby/gems/1.8/gems/mongrel-1.1.5/bin/mongrel_rails start -e development -p 8201 -d
** Ruby version is not up-to-date; loading cgi_multipart_eof_fix
** Daemonized, any open files are closed.  Look at log/mongrel.pid and log/mongrel.log for info.
** Starting Mongrel listening at 0.0.0.0:8201
** Starting Rails with development environment...
** Rails loaded.
** Loading any Rails specific GemPlugins
** Signals ready.  TERM => stop.  USR2 => restart.  INT => stop (no restart).
** Rails signals registered.  HUP => reload (without restart).  It might not work well.
** Mongrel 1.1.5 available at 0.0.0.0:8201
** Writing PID file to log/mongrel.pid
** USR2 signal received.
** Restarting with arguments:  ruby /usr/local/lib/ruby/gems/1.8/gems/mongrel-1.1.5/bin/mongrel_rails start -e development -p 8201 -d
** Ruby version is not up-to-date; loading cgi_multipart_eof_fix
** Daemonized, any open files are closed.  Look at log/mongrel.pid and log/mongrel.log for info.
** Starting Mongrel listening at 0.0.0.0:8201
** Starting Rails with development environment...
** Rails loaded.
** Loading any Rails specific GemPlugins
** Signals ready.  TERM => stop.  USR2 => restart.  INT => stop (no restart).
** Rails signals registered.  HUP => reload (without restart).  It might not work well.
** Mongrel 1.1.5 available at 0.0.0.0:8201
** Writing PID file to log/mongrel.pid
** USR2 signal received.
** Restarting with arguments:  ruby /usr/local/lib/ruby/gems/1.8/gems/mongrel-1.1.5/bin/mongrel_rails start -e development -p 8201 -d
** Ruby version is not up-to-date; loading cgi_multipart_eof_fix
** Daemonized, any open files are closed.  Look at log/mongrel.pid and log/mongrel.log for info.
** Starting Mongrel listening at 0.0.0.0:8201
** Starting Rails with development environment...
** Rails loaded.
** Loading any Rails specific GemPlugins
** Signals ready.  TERM => stop.  USR2 => restart.  INT => stop (no restart).
** Rails signals registered.  HUP => reload (without restart).  It might not work well.
** Mongrel 1.1.5 available at 0.0.0.0:8201
** Writing PID file to log/mongrel.pid
** USR2 signal received.
** Restarting with arguments:  ruby /usr/local/lib/ruby/gems/1.8/gems/mongrel-1.1.5/bin/mongrel_rails start -e development -p 8201 -d
** Ruby version is not up-to-date; loading cgi_multipart_eof_fix
** Daemonized, any open files are closed.  Look at log/mongrel.pid and log/mongrel.log for info.
** Starting Mongrel listening at 0.0.0.0:8201
** Starting Rails with development environment...
** Rails loaded.
** Loading any Rails specific GemPlugins
** Signals ready.  TERM => stop.  USR2 => restart.  INT => stop (no restart).
** Rails signals registered.  HUP => reload (without restart).  It might not work well.
** Mongrel 1.1.5 available at 0.0.0.0:8201
** Writing PID file to log/mongrel.pid
** USR2 signal received.
** Restarting with arguments:  ruby /usr/local/lib/ruby/gems/1.8/gems/mongrel-1.1.5/bin/mongrel_rails start -e development -p 8201 -d
** Ruby version is not up-to-date; loading cgi_multipart_eof_fix
** Daemonized, any open files are closed.  Look at log/mongrel.pid and log/mongrel.log for info.
** Starting Mongrel listening at 0.0.0.0:8201
** Starting Rails with development environment...
** Rails loaded.
** Loading any Rails specific GemPlugins
** Signals ready.  TERM => stop.  USR2 => restart.  INT => stop (no restart).
** Rails signals registered.  HUP => reload (without restart).  It might not work well.
** Mongrel 1.1.5 available at 0.0.0.0:8201
** Writing PID file to log/mongrel.pid
** USR2 signal received.
** Restarting with arguments:  ruby /usr/local/lib/ruby/gems/1.8/gems/mongrel-1.1.5/bin/mongrel_rails start -e development -p 8201 -d
** Ruby version is not up-to-date; loading cgi_multipart_eof_fix
** Daemonized, any open files are closed.  Look at log/mongrel.pid and log/mongrel.log for info.
** Starting Mongrel listening at 0.0.0.0:8201
** Starting Rails with development environment...
** Rails loaded.
** Loading any Rails specific GemPlugins
** Signals ready.  TERM => stop.  USR2 => restart.  INT => stop (no restart).
** Rails signals registered.  HUP => reload (without restart).  It might not work well.
** Mongrel 1.1.5 available at 0.0.0.0:8201
** Writing PID file to log/mongrel.pid
** USR2 signal received.
** Restarting with arguments:  ruby /usr/local/lib/ruby/gems/1.8/gems/mongrel-1.1.5/bin/mongrel_rails start -e development -p 8201 -d
** Ruby version is not up-to-date; loading cgi_multipart_eof_fix
** Daemonized, any open files are closed.  Look at log/mongrel.pid and log/mongrel.log for info.
** Starting Mongrel listening at 0.0.0.0:8201
** Starting Rails with development environment...
** Rails loaded.
** Loading any Rails specific GemPlugins
** Signals ready.  TERM => stop.  USR2 => restart.  INT => stop (no restart).
** Rails signals registered.  HUP => reload (without restart).  It might not work well.
** Mongrel 1.1.5 available at 0.0.0.0:8201
** Writing PID file to log/mongrel.pid
** USR2 signal received.
** Restarting with arguments:  ruby /usr/local/lib/ruby/gems/1.8/gems/mongrel-1.1.5/bin/mongrel_rails start -e development -p 8201 -d
** Ruby version is not up-to-date; loading cgi_multipart_eof_fix
** Daemonized, any open files are closed.  Look at log/mongrel.pid and log/mongrel.log for info.
** Starting Mongrel listening at 0.0.0.0:8201
** Starting Rails with development environment...
** Rails loaded.
** Loading any Rails specific GemPlugins
** Signals ready.  TERM => stop.  USR2 => restart.  INT => stop (no restart).
** Rails signals registered.  HUP => reload (without restart).  It might not work well.
** Mongrel 1.1.5 available at 0.0.0.0:8201
** Writing PID file to log/mongrel.pid
** USR2 signal received.
** Restarting with arguments:  ruby /usr/local/lib/ruby/gems/1.8/gems/mongrel-1.1.5/bin/mongrel_rails start -e development -p 8201 -d
** Ruby version is not up-to-date; loading cgi_multipart_eof_fix
** Daemonized, any open files are closed.  Look at log/mongrel.pid and log/mongrel.log for info.
** Starting Mongrel listening at 0.0.0.0:8201
** Starting Rails with development environment...
** Rails loaded.
** Loading any Rails specific GemPlugins
** Signals ready.  TERM => stop.  USR2 => restart.  INT => stop (no restart).
** Rails signals registered.  HUP => reload (without restart).  It might not work well.
** Mongrel 1.1.5 available at 0.0.0.0:8201
** Writing PID file to log/mongrel.pid
** USR2 signal received.
** Restarting with arguments:  ruby /usr/local/lib/ruby/gems/1.8/gems/mongrel-1.1.5/bin/mongrel_rails start -e development -p 8201 -d
** Ruby version is not up-to-date; loading cgi_multipart_eof_fix
** Daemonized, any open files are closed.  Look at log/mongrel.pid and log/mongrel.log for info.
** Starting Mongrel listening at 0.0.0.0:8201
** Starting Rails with development environment...
** Rails loaded.
** Loading any Rails specific GemPlugins
** Signals ready.  TERM => stop.  USR2 => restart.  INT => stop (no restart).
** Rails signals registered.  HUP => reload (without restart).  It might not work well.
** Mongrel 1.1.5 available at 0.0.0.0:8201
** Writing PID file to log/mongrel.pid
** USR2 signal received.
** Restarting with arguments:  ruby /usr/local/lib/ruby/gems/1.8/gems/mongrel-1.1.5/bin/mongrel_rails start -e development -p 8201 -d
** Ruby version is not up-to-date; loading cgi_multipart_eof_fix
** Daemonized, any open files are closed.  Look at log/mongrel.pid and log/mongrel.log for info.
** Starting Mongrel listening at 0.0.0.0:8201
** Starting Rails with development environment...
** Rails loaded.
** Loading any Rails specific GemPlugins
** Signals ready.  TERM => stop.  USR2 => restart.  INT => stop (no restart).
** Rails signals registered.  HUP => reload (without restart).  It might not work well.
** Mongrel 1.1.5 available at 0.0.0.0:8201
** Writing PID file to log/mongrel.pid
** USR2 signal received.
** Restarting with arguments:  ruby /usr/local/lib/ruby/gems/1.8/gems/mongrel-1.1.5/bin/mongrel_rails start -e development -p 8201 -d
** Ruby version is not up-to-date; loading cgi_multipart_eof_fix
** Daemonized, any open files are closed.  Look at log/mongrel.pid and log/mongrel.log for info.
** Starting Mongrel listening at 0.0.0.0:8201
** Starting Rails with development environment...
** Rails loaded.
** Loading any Rails specific GemPlugins
** Signals ready.  TERM => stop.  USR2 => restart.  INT => stop (no restart).
** Rails signals registered.  HUP => reload (without restart).  It might not work well.
** Mongrel 1.1.5 available at 0.0.0.0:8201
** Writing PID file to log/mongrel.pid
** USR2 signal received.
** Restarting with arguments:  ruby /usr/local/lib/ruby/gems/1.8/gems/mongrel-1.1.5/bin/mongrel_rails start -e development -p 8201 -d
** Ruby version is not up-to-date; loading cgi_multipart_eof_fix
** Daemonized, any open files are closed.  Look at log/mongrel.pid and log/mongrel.log for info.
** Starting Mongrel listening at 0.0.0.0:8201
** Starting Rails with development environment...
** Rails loaded.
** Loading any Rails specific GemPlugins
** Signals ready.  TERM => stop.  USR2 => restart.  INT => stop (no restart).
** Rails signals registered.  HUP => reload (without restart).  It might not work well.
** Mongrel 1.1.5 available at 0.0.0.0:8201
** Writing PID file to log/mongrel.pid
** USR2 signal received.
** Restarting with arguments:  ruby /usr/local/lib/ruby/gems/1.8/gems/mongrel-1.1.5/bin/mongrel_rails start -e development -p 8201 -d
** Ruby version is not up-to-date; loading cgi_multipart_eof_fix
** Daemonized, any open files are closed.  Look at log/mongrel.pid and log/mongrel.log for info.
** Starting Mongrel listening at 0.0.0.0:8201
** Starting Rails with development environment...
** Rails loaded.
** Loading any Rails specific GemPlugins
** Signals ready.  TERM => stop.  USR2 => restart.  INT => stop (no restart).
** Rails signals registered.  HUP => reload (without restart).  It might not work well.
** Mongrel 1.1.5 available at 0.0.0.0:8201
** Writing PID file to log/mongrel.pid
** USR2 signal received.
** Restarting with arguments:  ruby /usr/local/lib/ruby/gems/1.8/gems/mongrel-1.1.5/bin/mongrel_rails start -e development -p 8201 -d
** Ruby version is not up-to-date; loading cgi_multipart_eof_fix
** Daemonized, any open files are closed.  Look at log/mongrel.pid and log/mongrel.log for info.
** Starting Mongrel listening at 0.0.0.0:8201
** Starting Rails with development environment...
** Rails loaded.
** Loading any Rails specific GemPlugins
** Signals ready.  TERM => stop.  USR2 => restart.  INT => stop (no restart).
** Rails signals registered.  HUP => reload (without restart).  It might not work well.
** Mongrel 1.1.5 available at 0.0.0.0:8201
** Writing PID file to log/mongrel.pid
** USR2 signal received.
** Restarting with arguments:  ruby /usr/local/lib/ruby/gems/1.8/gems/mongrel-1.1.5/bin/mongrel_rails start -e development -p 8201 -d
** Ruby version is not up-to-date; loading cgi_multipart_eof_fix
** Daemonized, any open files are closed.  Look at log/mongrel.pid and log/mongrel.log for info.
** Starting Mongrel listening at 0.0.0.0:8201
** Starting Rails with development environment...
** Rails loaded.
** Loading any Rails specific GemPlugins
** Signals ready.  TERM => stop.  USR2 => restart.  INT => stop (no restart).
** Rails signals registered.  HUP => reload (without restart).  It might not work well.
** Mongrel 1.1.5 available at 0.0.0.0:8201
** Writing PID file to log/mongrel.pid
** USR2 signal received.
** Restarting with arguments:  ruby /usr/local/lib/ruby/gems/1.8/gems/mongrel-1.1.5/bin/mongrel_rails start -e development -p 8201 -d
** Ruby version is not up-to-date; loading cgi_multipart_eof_fix
** Daemonized, any open files are closed.  Look at log/mongrel.pid and log/mongrel.log for info.
** Starting Mongrel listening at 0.0.0.0:8201
** Starting Rails with development environment...
** Rails loaded.
** Loading any Rails specific GemPlugins
** Signals ready.  TERM => stop.  USR2 => restart.  INT => stop (no restart).
** Rails signals registered.  HUP => reload (without restart).  It might not work well.
** Mongrel 1.1.5 available at 0.0.0.0:8201
** Writing PID file to log/mongrel.pid
** USR2 signal received.
** Restarting with arguments:  ruby /usr/local/lib/ruby/gems/1.8/gems/mongrel-1.1.5/bin/mongrel_rails start -e development -p 8201 -d
** Ruby version is not up-to-date; loading cgi_multipart_eof_fix
** Daemonized, any open files are closed.  Look at log/mongrel.pid and log/mongrel.log for info.
** Starting Mongrel listening at 0.0.0.0:8201
** Starting Rails with development environment...
** Rails loaded.
** Loading any Rails specific GemPlugins
** Signals ready.  TERM => stop.  USR2 => restart.  INT => stop (no restart).
** Rails signals registered.  HUP => reload (without restart).  It might not work well.
** Mongrel 1.1.5 available at 0.0.0.0:8201
** Writing PID file to log/mongrel.pid
[{:conditions=>["date_end > '1970-01-01' AND missionary_id = ?", 62]}]
[{:conditions=>["date_end > '1970-01-01' AND missionary_id = ?", 62]}]
** USR2 signal received.
** Restarting with arguments:  ruby /usr/local/lib/ruby/gems/1.8/gems/mongrel-1.1.5/bin/mongrel_rails start -e development -p 8201 -d
** Ruby version is not up-to-date; loading cgi_multipart_eof_fix
** Daemonized, any open files are closed.  Look at log/mongrel.pid and log/mongrel.log for info.
** Starting Mongrel listening at 0.0.0.0:8201
** Starting Rails with development environment...
** Rails loaded.
** Loading any Rails specific GemPlugins
** Signals ready.  TERM => stop.  USR2 => restart.  INT => stop (no restart).
** Rails signals registered.  HUP => reload (without restart).  It might not work well.
** Mongrel 1.1.5 available at 0.0.0.0:8201
** Writing PID file to log/mongrel.pid
[{:conditions=>["date_end > '1970-01-01' AND missionary_id = ?", 62]}]
[{:conditions=>["date_end > '1970-01-01' AND missionary_id = ?", 62]}]
** USR2 signal received.
** Restarting with arguments:  ruby /usr/local/lib/ruby/gems/1.8/gems/mongrel-1.1.5/bin/mongrel_rails start -e development -p 8201 -d
** Ruby version is not up-to-date; loading cgi_multipart_eof_fix
** Daemonized, any open files are closed.  Look at log/mongrel.pid and log/mongrel.log for info.
** Starting Mongrel listening at 0.0.0.0:8201
** Starting Rails with development environment...
** Rails loaded.
** Loading any Rails specific GemPlugins
** Signals ready.  TERM => stop.  USR2 => restart.  INT => stop (no restart).
** Rails signals registered.  HUP => reload (without restart).  It might not work well.
** Mongrel 1.1.5 available at 0.0.0.0:8201
** Writing PID file to log/mongrel.pid
** USR2 signal received.
** Restarting with arguments:  ruby /usr/local/lib/ruby/gems/1.8/gems/mongrel-1.1.5/bin/mongrel_rails start -e development -p 8201 -d
** Ruby version is not up-to-date; loading cgi_multipart_eof_fix
** Daemonized, any open files are closed.  Look at log/mongrel.pid and log/mongrel.log for info.
** Starting Mongrel listening at 0.0.0.0:8201
** Starting Rails with development environment...
** Rails loaded.
** Loading any Rails specific GemPlugins
** Signals ready.  TERM => stop.  USR2 => restart.  INT => stop (no restart).
** Rails signals registered.  HUP => reload (without restart).  It might not work well.
** Mongrel 1.1.5 available at 0.0.0.0:8201
** Writing PID file to log/mongrel.pid
conditionsdate_end > '1970-01-01' AND missionary_id = ?62
** USR2 signal received.
** Restarting with arguments:  ruby /usr/local/lib/ruby/gems/1.8/gems/mongrel-1.1.5/bin/mongrel_rails start -e development -p 8201 -d
** Ruby version is not up-to-date; loading cgi_multipart_eof_fix
** Daemonized, any open files are closed.  Look at log/mongrel.pid and log/mongrel.log for info.
** Starting Mongrel listening at 0.0.0.0:8201
** Starting Rails with development environment...
** Rails loaded.
** Loading any Rails specific GemPlugins
** Signals ready.  TERM => stop.  USR2 => restart.  INT => stop (no restart).
** Rails signals registered.  HUP => reload (without restart).  It might not work well.
** Mongrel 1.1.5 available at 0.0.0.0:8201
** Writing PID file to log/mongrel.pid
----
** USR2 signal received.
** Restarting with arguments:  ruby /usr/local/lib/ruby/gems/1.8/gems/mongrel-1.1.5/bin/mongrel_rails start -e development -p 8201 -d
** Ruby version is not up-to-date; loading cgi_multipart_eof_fix
** Daemonized, any open files are closed.  Look at log/mongrel.pid and log/mongrel.log for info.
** Starting Mongrel listening at 0.0.0.0:8201
** Starting Rails with development environment...
** Rails loaded.
** Loading any Rails specific GemPlugins
** Signals ready.  TERM => stop.  USR2 => restart.  INT => stop (no restart).
** Rails signals registered.  HUP => reload (without restart).  It might not work well.
** Mongrel 1.1.5 available at 0.0.0.0:8201
** Writing PID file to log/mongrel.pid
** USR2 signal received.
** Restarting with arguments:  ruby /usr/local/lib/ruby/gems/1.8/gems/mongrel-1.1.5/bin/mongrel_rails start -e development -p 8201 -d
** Ruby version is not up-to-date; loading cgi_multipart_eof_fix
** Daemonized, any open files are closed.  Look at log/mongrel.pid and log/mongrel.log for info.
** Starting Mongrel listening at 0.0.0.0:8201
** Starting Rails with development environment...
** Rails loaded.
** Loading any Rails specific GemPlugins
** Signals ready.  TERM => stop.  USR2 => restart.  INT => stop (no restart).
** Rails signals registered.  HUP => reload (without restart).  It might not work well.
** Mongrel 1.1.5 available at 0.0.0.0:8201
** Writing PID file to log/mongrel.pid
** USR2 signal received.
** Restarting with arguments:  ruby /usr/local/lib/ruby/gems/1.8/gems/mongrel-1.1.5/bin/mongrel_rails start -e development -p 8201 -d
** Ruby version is not up-to-date; loading cgi_multipart_eof_fix
** Daemonized, any open files are closed.  Look at log/mongrel.pid and log/mongrel.log for info.
** Starting Mongrel listening at 0.0.0.0:8201
** Starting Rails with development environment...
** Rails loaded.
** Loading any Rails specific GemPlugins
** Signals ready.  TERM => stop.  USR2 => restart.  INT => stop (no restart).
** Rails signals registered.  HUP => reload (without restart).  It might not work well.
** Mongrel 1.1.5 available at 0.0.0.0:8201
** Writing PID file to log/mongrel.pid
** USR2 signal received.
** Restarting with arguments:  ruby /usr/local/lib/ruby/gems/1.8/gems/mongrel-1.1.5/bin/mongrel_rails start -e development -p 8201 -d
** Ruby version is not up-to-date; loading cgi_multipart_eof_fix
** Daemonized, any open files are closed.  Look at log/mongrel.pid and log/mongrel.log for info.
** Starting Mongrel listening at 0.0.0.0:8201
** Starting Rails with development environment...
** Rails loaded.
** Loading any Rails specific GemPlugins
** Signals ready.  TERM => stop.  USR2 => restart.  INT => stop (no restart).
** Rails signals registered.  HUP => reload (without restart).  It might not work well.
** Mongrel 1.1.5 available at 0.0.0.0:8201
** Writing PID file to log/mongrel.pid
/opt/web/sites/fmissions/app/views/missionaries/index.html.erb:17: warning: Object#id will be deprecated; use Object#object_id
/opt/web/sites/fmissions/app/views/missionaries/index.html.erb:17: warning: Object#id will be deprecated; use Object#object_id
/opt/web/sites/fmissions/app/views/missionaries/index.html.erb:17: warning: Object#id will be deprecated; use Object#object_id
/opt/web/sites/fmissions/app/views/missionaries/index.html.erb:17: warning: Object#id will be deprecated; use Object#object_id
/opt/web/sites/fmissions/app/views/missionaries/index.html.erb:17: warning: Object#id will be deprecated; use Object#object_id
/opt/web/sites/fmissions/app/views/missionaries/index.html.erb:17: warning: Object#id will be deprecated; use Object#object_id
/opt/web/sites/fmissions/app/views/missionaries/index.html.erb:17: warning: Object#id will be deprecated; use Object#object_id
/opt/web/sites/fmissions/app/views/missionaries/index.html.erb:17: warning: Object#id will be deprecated; use Object#object_id
/opt/web/sites/fmissions/app/views/missionaries/index.html.erb:17: warning: Object#id will be deprecated; use Object#object_id
/opt/web/sites/fmissions/app/views/missionaries/index.html.erb:17: warning: Object#id will be deprecated; use Object#object_id
/opt/web/sites/fmissions/app/views/missionaries/index.html.erb:17: warning: Object#id will be deprecated; use Object#object_id
/opt/web/sites/fmissions/app/views/missionaries/index.html.erb:17: warning: Object#id will be deprecated; use Object#object_id
/opt/web/sites/fmissions/app/views/missionaries/index.html.erb:17: warning: Object#id will be deprecated; use Object#object_id
/opt/web/sites/fmissions/app/views/missionaries/index.html.erb:17: warning: Object#id will be deprecated; use Object#object_id
/opt/web/sites/fmissions/app/views/missionaries/index.html.erb:17: warning: Object#id will be deprecated; use Object#object_id
/opt/web/sites/fmissions/app/views/missionaries/index.html.erb:17: warning: Object#id will be deprecated; use Object#object_id
/opt/web/sites/fmissions/app/views/missionaries/index.html.erb:17: warning: Object#id will be deprecated; use Object#object_id
/opt/web/sites/fmissions/app/views/missionaries/index.html.erb:17: warning: Object#id will be deprecated; use Object#object_id
/opt/web/sites/fmissions/app/views/missionaries/index.html.erb:17: warning: Object#id will be deprecated; use Object#object_id
/opt/web/sites/fmissions/app/views/missionaries/index.html.erb:17: warning: Object#id will be deprecated; use Object#object_id
/opt/web/sites/fmissions/app/views/missionaries/index.html.erb:17: warning: Object#id will be deprecated; use Object#object_id
/opt/web/sites/fmissions/app/views/missionaries/index.html.erb:17: warning: Object#id will be deprecated; use Object#object_id
/opt/web/sites/fmissions/app/views/missionaries/index.html.erb:17: warning: Object#id will be deprecated; use Object#object_id
/opt/web/sites/fmissions/app/views/missionaries/index.html.erb:17: warning: Object#id will be deprecated; use Object#object_id
/opt/web/sites/fmissions/app/views/missionaries/index.html.erb:17: warning: Object#id will be deprecated; use Object#object_id
/opt/web/sites/fmissions/app/views/missionaries/index.html.erb:17: warning: Object#id will be deprecated; use Object#object_id
/opt/web/sites/fmissions/app/views/missionaries/index.html.erb:17: warning: Object#id will be deprecated; use Object#object_id
/opt/web/sites/fmissions/app/views/missionaries/index.html.erb:17: warning: Object#id will be deprecated; use Object#object_id
/opt/web/sites/fmissions/app/views/missionaries/index.html.erb:17: warning: Object#id will be deprecated; use Object#object_id
/opt/web/sites/fmissions/app/views/missionaries/index.html.erb:17: warning: Object#id will be deprecated; use Object#object_id
/opt/web/sites/fmissions/app/views/missionaries/index.html.erb:17: warning: Object#id will be deprecated; use Object#object_id
/opt/web/sites/fmissions/app/views/missionaries/index.html.erb:17: warning: Object#id will be deprecated; use Object#object_id
/opt/web/sites/fmissions/app/views/missionaries/index.html.erb:17: warning: Object#id will be deprecated; use Object#object_id
/opt/web/sites/fmissions/app/views/missionaries/index.html.erb:17: warning: Object#id will be deprecated; use Object#object_id
/opt/web/sites/fmissions/app/views/missionaries/index.html.erb:17: warning: Object#id will be deprecated; use Object#object_id
/opt/web/sites/fmissions/app/views/missionaries/index.html.erb:17: warning: Object#id will be deprecated; use Object#object_id
/opt/web/sites/fmissions/app/views/missionaries/index.html.erb:17: warning: Object#id will be deprecated; use Object#object_id
/opt/web/sites/fmissions/app/views/missionaries/index.html.erb:17: warning: Object#id will be deprecated; use Object#object_id
/opt/web/sites/fmissions/app/views/missionaries/index.html.erb:17: warning: Object#id will be deprecated; use Object#object_id
/opt/web/sites/fmissions/app/views/missionaries/index.html.erb:17: warning: Object#id will be deprecated; use Object#object_id
** USR2 signal received.
** Restarting with arguments:  ruby /usr/local/lib/ruby/gems/1.8/gems/mongrel-1.1.5/bin/mongrel_rails start -e development -p 8201 -d
** Ruby version is not up-to-date; loading cgi_multipart_eof_fix
** Daemonized, any open files are closed.  Look at log/mongrel.pid and log/mongrel.log for info.
** Starting Mongrel listening at 0.0.0.0:8201
** Starting Rails with development environment...
** Rails loaded.
** Loading any Rails specific GemPlugins
** Signals ready.  TERM => stop.  USR2 => restart.  INT => stop (no restart).
** Rails signals registered.  HUP => reload (without restart).  It might not work well.
** Mongrel 1.1.5 available at 0.0.0.0:8201
** Writing PID file to log/mongrel.pid
** USR2 signal received.
** Restarting with arguments:  ruby /usr/local/lib/ruby/gems/1.8/gems/mongrel-1.1.5/bin/mongrel_rails start -e development -p 8201 -d
** Ruby version is not up-to-date; loading cgi_multipart_eof_fix
** Daemonized, any open files are closed.  Look at log/mongrel.pid and log/mongrel.log for info.
** Starting Mongrel listening at 0.0.0.0:8201
** Starting Rails with development environment...
** Rails loaded.
** Loading any Rails specific GemPlugins
** Signals ready.  TERM => stop.  USR2 => restart.  INT => stop (no restart).
** Rails signals registered.  HUP => reload (without restart).  It might not work well.
** Mongrel 1.1.5 available at 0.0.0.0:8201
** Writing PID file to log/mongrel.pid
** USR2 signal received.
** Restarting with arguments:  ruby /usr/local/lib/ruby/gems/1.8/gems/mongrel-1.1.5/bin/mongrel_rails start -e development -p 8201 -d
** Ruby version is not up-to-date; loading cgi_multipart_eof_fix
** Daemonized, any open files are closed.  Look at log/mongrel.pid and log/mongrel.log for info.
** Starting Mongrel listening at 0.0.0.0:8201
** Starting Rails with development environment...
** Rails loaded.
** Loading any Rails specific GemPlugins
** Signals ready.  TERM => stop.  USR2 => restart.  INT => stop (no restart).
** Rails signals registered.  HUP => reload (without restart).  It might not work well.
** Mongrel 1.1.5 available at 0.0.0.0:8201
** Writing PID file to log/mongrel.pid
** USR2 signal received.
** Restarting with arguments:  ruby /usr/local/lib/ruby/gems/1.8/gems/mongrel-1.1.5/bin/mongrel_rails start -e development -p 8201 -d
** Ruby version is not up-to-date; loading cgi_multipart_eof_fix
** Daemonized, any open files are closed.  Look at log/mongrel.pid and log/mongrel.log for info.
** Starting Mongrel listening at 0.0.0.0:8201
** Starting Rails with development environment...
** Rails loaded.
** Loading any Rails specific GemPlugins
** Signals ready.  TERM => stop.  USR2 => restart.  INT => stop (no restart).
** Rails signals registered.  HUP => reload (without restart).  It might not work well.
** Mongrel 1.1.5 available at 0.0.0.0:8201
** Writing PID file to log/mongrel.pid
** USR2 signal received.
** Restarting with arguments:  ruby /usr/local/lib/ruby/gems/1.8/gems/mongrel-1.1.5/bin/mongrel_rails start -e development -p 8201 -d
** Ruby version is not up-to-date; loading cgi_multipart_eof_fix
** Daemonized, any open files are closed.  Look at log/mongrel.pid and log/mongrel.log for info.
** Starting Mongrel listening at 0.0.0.0:8201
** Starting Rails with development environment...
** Rails loaded.
** Loading any Rails specific GemPlugins
** Signals ready.  TERM => stop.  USR2 => restart.  INT => stop (no restart).
** Rails signals registered.  HUP => reload (without restart).  It might not work well.
** Mongrel 1.1.5 available at 0.0.0.0:8201
** Writing PID file to log/mongrel.pid
** USR2 signal received.
** Restarting with arguments:  ruby /usr/local/lib/ruby/gems/1.8/gems/mongrel-1.1.5/bin/mongrel_rails start -e development -p 8201 -d
** Ruby version is not up-to-date; loading cgi_multipart_eof_fix
** Daemonized, any open files are closed.  Look at log/mongrel.pid and log/mongrel.log for info.
** Starting Mongrel listening at 0.0.0.0:8201
** Starting Rails with development environment...
** Rails loaded.
** Loading any Rails specific GemPlugins
** Signals ready.  TERM => stop.  USR2 => restart.  INT => stop (no restart).
** Rails signals registered.  HUP => reload (without restart).  It might not work well.
** Mongrel 1.1.5 available at 0.0.0.0:8201
** Writing PID file to log/mongrel.pid
** USR2 signal received.
** Restarting with arguments:  ruby /usr/local/lib/ruby/gems/1.8/gems/mongrel-1.1.5/bin/mongrel_rails start -e development -p 8201 -d
** Ruby version is not up-to-date; loading cgi_multipart_eof_fix
** Daemonized, any open files are closed.  Look at log/mongrel.pid and log/mongrel.log for info.
** Starting Mongrel listening at 0.0.0.0:8201
** Starting Rails with development environment...
** Rails loaded.
** Loading any Rails specific GemPlugins
** Signals ready.  TERM => stop.  USR2 => restart.  INT => stop (no restart).
** Rails signals registered.  HUP => reload (without restart).  It might not work well.
** Mongrel 1.1.5 available at 0.0.0.0:8201
** Writing PID file to log/mongrel.pid
** USR2 signal received.
** Restarting with arguments:  ruby /usr/local/lib/ruby/gems/1.8/gems/mongrel-1.1.5/bin/mongrel_rails start -e development -p 8201 -d
** Ruby version is not up-to-date; loading cgi_multipart_eof_fix
** Daemonized, any open files are closed.  Look at log/mongrel.pid and log/mongrel.log for info.
** Starting Mongrel listening at 0.0.0.0:8201
** Starting Rails with development environment...
** Rails loaded.
** Loading any Rails specific GemPlugins
** Signals ready.  TERM => stop.  USR2 => restart.  INT => stop (no restart).
** Rails signals registered.  HUP => reload (without restart).  It might not work well.
** Mongrel 1.1.5 available at 0.0.0.0:8201
** Writing PID file to log/mongrel.pid
** USR2 signal received.
** Restarting with arguments:  ruby /usr/local/lib/ruby/gems/1.8/gems/mongrel-1.1.5/bin/mongrel_rails start -e development -p 8201 -d
** Ruby version is not up-to-date; loading cgi_multipart_eof_fix
** Daemonized, any open files are closed.  Look at log/mongrel.pid and log/mongrel.log for info.
** Starting Mongrel listening at 0.0.0.0:8201
** Starting Rails with development environment...
** Rails loaded.
** Loading any Rails specific GemPlugins
** Signals ready.  TERM => stop.  USR2 => restart.  INT => stop (no restart).
** Rails signals registered.  HUP => reload (without restart).  It might not work well.
** Mongrel 1.1.5 available at 0.0.0.0:8201
** Writing PID file to log/mongrel.pid
/usr/local/lib/ruby/gems/1.8/gems/actionpack-2.1.0/lib/action_view/helpers/form_options_helper.rb:387
html_options = html_options.stringify_keys
(rdb:1) ** Daemonized, any open files are closed.  Look at log/mongrel.pid and log/mongrel.log for info.
** Starting Mongrel listening at 0.0.0.0:8201
** Starting Rails with production environment...
/usr/local/lib/ruby/gems/1.8/gems/rails-2.2.2/lib/initializer.rb:530:in `send': undefined method `cache_template_loading=' for ActionView::Base:Class (NoMethodError)
	from /usr/local/lib/ruby/gems/1.8/gems/rails-2.2.2/lib/initializer.rb:530:in `initialize_framework_settings'
	from /usr/local/lib/ruby/gems/1.8/gems/rails-2.2.2/lib/initializer.rb:529:in `each'
	from /usr/local/lib/ruby/gems/1.8/gems/rails-2.2.2/lib/initializer.rb:529:in `initialize_framework_settings'
	from /usr/local/lib/ruby/gems/1.8/gems/rails-2.2.2/lib/initializer.rb:526:in `each'
	from /usr/local/lib/ruby/gems/1.8/gems/rails-2.2.2/lib/initializer.rb:526:in `initialize_framework_settings'
	from /usr/local/lib/ruby/gems/1.8/gems/rails-2.2.2/lib/initializer.rb:154:in `process'
	from /usr/local/lib/ruby/gems/1.8/gems/rails-2.2.2/lib/initializer.rb:112:in `send'
	from /usr/local/lib/ruby/gems/1.8/gems/rails-2.2.2/lib/initializer.rb:112:in `run'
	 ... 12 levels...
	from /usr/local/lib/ruby/gems/1.8/gems/mongrel-1.1.5/bin/../lib/mongrel/command.rb:212:in `run'
	from /usr/local/lib/ruby/gems/1.8/gems/mongrel-1.1.5/bin/mongrel_rails:281
	from /usr/local/bin/mongrel_rails:19:in `load'
	from /usr/local/bin/mongrel_rails:19
** Daemonized, any open files are closed.  Look at log/mongrel.pid and log/mongrel.log for info.
** Starting Mongrel listening at 0.0.0.0:8201
** Starting Rails with production environment...
/usr/local/lib/ruby/gems/1.8/gems/rails-2.2.2/lib/initializer.rb:530:in `send': undefined method `cache_template_loading=' for ActionView::Base:Class (NoMethodError)
	from /usr/local/lib/ruby/gems/1.8/gems/rails-2.2.2/lib/initializer.rb:530:in `initialize_framework_settings'
	from /usr/local/lib/ruby/gems/1.8/gems/rails-2.2.2/lib/initializer.rb:529:in `each'
	from /usr/local/lib/ruby/gems/1.8/gems/rails-2.2.2/lib/initializer.rb:529:in `initialize_framework_settings'
	from /usr/local/lib/ruby/gems/1.8/gems/rails-2.2.2/lib/initializer.rb:526:in `each'
	from /usr/local/lib/ruby/gems/1.8/gems/rails-2.2.2/lib/initializer.rb:526:in `initialize_framework_settings'
	from /usr/local/lib/ruby/gems/1.8/gems/rails-2.2.2/lib/initializer.rb:154:in `process'
	from /usr/local/lib/ruby/gems/1.8/gems/rails-2.2.2/lib/initializer.rb:112:in `send'
	from /usr/local/lib/ruby/gems/1.8/gems/rails-2.2.2/lib/initializer.rb:112:in `run'
	 ... 12 levels...
	from /usr/local/lib/ruby/gems/1.8/gems/mongrel-1.1.5/bin/../lib/mongrel/command.rb:212:in `run'
	from /usr/local/lib/ruby/gems/1.8/gems/mongrel-1.1.5/bin/mongrel_rails:281
	from /usr/local/bin/mongrel_rails:19:in `load'
	from /usr/local/bin/mongrel_rails:19
** Daemonized, any open files are closed.  Look at log/mongrel.pid and log/mongrel.log for info.
** Starting Mongrel listening at 0.0.0.0:8201
** Starting Rails with development environment...
** Rails loaded.
** Loading any Rails specific GemPlugins
** Signals ready.  TERM => stop.  USR2 => restart.  INT => stop (no restart).
** Rails signals registered.  HUP => reload (without restart).  It might not work well.
** Mongrel 1.1.5 available at 0.0.0.0:8201
** Writing PID file to log/mongrel.pid
#<Church id: 35, status: "active", pastor: "Kevin J. Crissman", church_name: "Bethel Christian Fellowship", section: 2, outreach_cities: "Port Orchard, Belfair, Bremerton (West), Gig Harbor...", dist_zip: 98366, lat: #<BigDecimal:b61086e4,'0.47534513E2',12(12)>, lon: #<BigDecimal:b61086a8,'-0.122639011E3',12(16)>, physical_address: "615 Kendall St", physical_city: "Port Orchard", physical_zip: "98366-4331", mailing_address: "PO Box 1714", mailing_city: "Port Orchard", mailing_zip: "98366-0179", phone: "360-769-2470", phone2: nil, fax: nil, email: "acts238@copper.net", show_email: false, web: nil, owner: nil, languages: nil, created_at: "2004-11-24 00:00:00", updated_at: "2006-10-14 00:45:08">
** TERM signal received.
** Daemonized, any open files are closed.  Look at log/mongrel.pid and log/mongrel.log for info.
** Starting Mongrel listening at 0.0.0.0:8201
** Starting Rails with development environment...
** Rails loaded.
** Loading any Rails specific GemPlugins
** Signals ready.  TERM => stop.  USR2 => restart.  INT => stop (no restart).
** Rails signals registered.  HUP => reload (without restart).  It might not work well.
** Mongrel 1.1.5 available at 0.0.0.0:8201
** Writing PID file to log/mongrel.pid
#<Church id: 35, status: "active", pastor: "Kevin J. Crissman", church_name: "Bethel Christian Fellowship", section: 2, outreach_cities: "Port Orchard, Belfair, Bremerton (West), Gig Harbor...", dist_zip: 98366, lat: #<BigDecimal:b72cb430,'0.47534513E2',12(12)>, lon: #<BigDecimal:b72cb3f4,'-0.122639011E3',12(16)>, physical_address: "615 Kendall St", physical_city: "Port Orchard", physical_zip: "98366-4331", mailing_address: "PO Box 1714", mailing_city: "Port Orchard", mailing_zip: "98366-0179", phone: "360-769-2470", phone2: nil, fax: nil, email: "acts238@copper.net", show_email: false, web: nil, owner: nil, languages: nil, created_at: "2004-11-24 00:00:00", updated_at: "2006-10-14 00:45:08">
** TERM signal received.
** Daemonized, any open files are closed.  Look at log/mongrel.pid and log/mongrel.log for info.
** Starting Mongrel listening at 0.0.0.0:8201
** Starting Rails with development environment...
** Rails loaded.
** Loading any Rails specific GemPlugins
** Signals ready.  TERM => stop.  USR2 => restart.  INT => stop (no restart).
** Rails signals registered.  HUP => reload (without restart).  It might not work well.
** Mongrel 1.1.5 available at 0.0.0.0:8201
** Writing PID file to log/mongrel.pid
** TERM signal received.
** Daemonized, any open files are closed.  Look at log/mongrel.pid and log/mongrel.log for info.
** Starting Mongrel listening at 0.0.0.0:8201
** Starting Rails with development environment...
** Rails loaded.
** Loading any Rails specific GemPlugins
** Signals ready.  TERM => stop.  USR2 => restart.  INT => stop (no restart).
** Rails signals registered.  HUP => reload (without restart).  It might not work well.
** Mongrel 1.1.5 available at 0.0.0.0:8201
** Writing PID file to log/mongrel.pid
** TERM signal received.
** Daemonized, any open files are closed.  Look at log/mongrel.pid and log/mongrel.log for info.
** Starting Mongrel listening at 0.0.0.0:8201
** Starting Rails with development environment...
** Rails loaded.
** Loading any Rails specific GemPlugins
** Signals ready.  TERM => stop.  USR2 => restart.  INT => stop (no restart).
** Rails signals registered.  HUP => reload (without restart).  It might not work well.
** Mongrel 1.1.5 available at 0.0.0.0:8201
** Writing PID file to log/mongrel.pid
** TERM signal received.
** Daemonized, any open files are closed.  Look at log/mongrel.pid and log/mongrel.log for info.
** Starting Mongrel listening at 0.0.0.0:8201
** Starting Rails with development environment...
** Rails loaded.
** Loading any Rails specific GemPlugins
** Signals ready.  TERM => stop.  USR2 => restart.  INT => stop (no restart).
** Rails signals registered.  HUP => reload (without restart).  It might not work well.
** Mongrel 1.1.5 available at 0.0.0.0:8201
** Writing PID file to log/mongrel.pid
** TERM signal received.
** Daemonized, any open files are closed.  Look at log/mongrel.pid and log/mongrel.log for info.
** Starting Mongrel listening at 0.0.0.0:8201
** Starting Rails with development environment...
** Rails loaded.
** Loading any Rails specific GemPlugins
** Signals ready.  TERM => stop.  USR2 => restart.  INT => stop (no restart).
** Rails signals registered.  HUP => reload (without restart).  It might not work well.
** Mongrel 1.1.5 available at 0.0.0.0:8201
** Writing PID file to log/mongrel.pid
Saturday, March 28 at 11:00 am
#<Church:0xb7294318>
** TERM signal received.
** Daemonized, any open files are closed.  Look at log/mongrel.pid and log/mongrel.log for info.
** Starting Mongrel listening at 0.0.0.0:8201
** Starting Rails with development environment...
** Rails loaded.
** Loading any Rails specific GemPlugins
** Signals ready.  TERM => stop.  USR2 => restart.  INT => stop (no restart).
** Rails signals registered.  HUP => reload (without restart).  It might not work well.
** Mongrel 1.1.5 available at 0.0.0.0:8201
** Writing PID file to log/mongrel.pid
** TERM signal received.
** Daemonized, any open files are closed.  Look at log/mongrel.pid and log/mongrel.log for info.
** Starting Mongrel listening at 0.0.0.0:8201
** Starting Rails with development environment...
** Rails loaded.
** Loading any Rails specific GemPlugins
** Signals ready.  TERM => stop.  USR2 => restart.  INT => stop (no restart).
** Rails signals registered.  HUP => reload (without restart).  It might not work well.
** Mongrel 1.1.5 available at 0.0.0.0:8201
** Writing PID file to log/mongrel.pid
** TERM signal received.
** Daemonized, any open files are closed.  Look at log/mongrel.pid and log/mongrel.log for info.
** Starting Mongrel listening at 0.0.0.0:8201
** Starting Rails with development environment...
** Rails loaded.
** Loading any Rails specific GemPlugins
** Signals ready.  TERM => stop.  USR2 => restart.  INT => stop (no restart).
** Rails signals registered.  HUP => reload (without restart).  It might not work well.
** Mongrel 1.1.5 available at 0.0.0.0:8201
** Writing PID file to log/mongrel.pid
** TERM signal received.
** Daemonized, any open files are closed.  Look at log/mongrel.pid and log/mongrel.log for info.
** Starting Mongrel listening at 0.0.0.0:8201
** Starting Rails with development environment...
** Rails loaded.
** Loading any Rails specific GemPlugins
** Signals ready.  TERM => stop.  USR2 => restart.  INT => stop (no restart).
** Rails signals registered.  HUP => reload (without restart).  It might not work well.
** Mongrel 1.1.5 available at 0.0.0.0:8201
** Writing PID file to log/mongrel.pid
** TERM signal received.
** Daemonized, any open files are closed.  Look at log/mongrel.pid and log/mongrel.log for info.
** Starting Mongrel listening at 0.0.0.0:8201
** Starting Rails with development environment...
** Rails loaded.
** Loading any Rails specific GemPlugins
** Signals ready.  TERM => stop.  USR2 => restart.  INT => stop (no restart).
** Rails signals registered.  HUP => reload (without restart).  It might not work well.
** Mongrel 1.1.5 available at 0.0.0.0:8201
** Writing PID file to log/mongrel.pid
** TERM signal received.
** Daemonized, any open files are closed.  Look at log/mongrel.pid and log/mongrel.log for info.
** Starting Mongrel listening at 0.0.0.0:8201
** Starting Rails with development environment...
** Rails loaded.
** Loading any Rails specific GemPlugins
** Signals ready.  TERM => stop.  USR2 => restart.  INT => stop (no restart).
** Rails signals registered.  HUP => reload (without restart).  It might not work well.
** Mongrel 1.1.5 available at 0.0.0.0:8201
** Writing PID file to log/mongrel.pid
** TERM signal received.
** Daemonized, any open files are closed.  Look at log/mongrel.pid and log/mongrel.log for info.
** Starting Mongrel listening at 0.0.0.0:8201
** Starting Rails with development environment...
** Rails loaded.
** Loading any Rails specific GemPlugins
** Signals ready.  TERM => stop.  USR2 => restart.  INT => stop (no restart).
** Rails signals registered.  HUP => reload (without restart).  It might not work well.
** Mongrel 1.1.5 available at 0.0.0.0:8201
** Writing PID file to log/mongrel.pid
** TERM signal received.
** Daemonized, any open files are closed.  Look at log/mongrel.pid and log/mongrel.log for info.
** Starting Mongrel listening at 0.0.0.0:8201
** Starting Rails with development environment...
** Rails loaded.
** Loading any Rails specific GemPlugins
** Signals ready.  TERM => stop.  USR2 => restart.  INT => stop (no restart).
** Rails signals registered.  HUP => reload (without restart).  It might not work well.
** Mongrel 1.1.5 available at 0.0.0.0:8201
** Writing PID file to log/mongrel.pid
** Daemonized, any open files are closed.  Look at /opt/web/sites/waupc/backend/tmp/pids/mongrel.pid and log/mongrel.log for info.
** Starting Mongrel listening at 0.0.0.0:4000
** Starting Rails with development environment...
** Rails loaded.
** Loading any Rails specific GemPlugins
** Signals ready.  TERM => stop.  USR2 => restart.  INT => stop (no restart).
** Rails signals registered.  HUP => reload (without restart).  It might not work well.
** Mongrel 1.1.5 available at 0.0.0.0:4000
** Writing PID file to /opt/web/sites/waupc/backend/tmp/pids/mongrel.pid
** TERM signal received.
** Daemonized, any open files are closed.  Look at log/waupc-backend-mongrel.pid and log/mongrel.log for info.
** Starting Mongrel listening at 0.0.0.0:8202
** Starting Rails with development environment...
** Rails loaded.
** Loading any Rails specific GemPlugins
** Signals ready.  TERM => stop.  USR2 => restart.  INT => stop (no restart).
** Rails signals registered.  HUP => reload (without restart).  It might not work well.
** Mongrel 1.1.5 available at 0.0.0.0:8202
** Writing PID file to log/waupc-backend-mongrel.pid
